[35m[Appium][39m Welcome to Appium v1.22.3
[35m[Appium][39m Non-default server args:
[35m[Appium][39m   port: 63465
[35m[Appium][39m   loglevel: info
[35m[Appium][39m   tmpDir: C:\Users\ASUS\AppData\Local\Temp\\Katalon\Appium\Temp1682675010586
[35m[Appium][39m   chromedriverPort: 63466
[35m[Appium][39m Deprecated server args:
[35m[Appium][39m   [31m--chromedriver-port[39m => --default-capabilities
[35m[Appium][39m Default capabilities, which will be added to each request unless overridden by desired capabilities:
[35m[Appium][39m   chromedriverPort: 63466
[35m[Appium][39m Appium REST http interface listener started on 0.0.0.0:63465
[35m[HTTP][39m [37m-->[39m [37mGET[39m [37m/wd/hub/status[39m
[35m[HTTP][39m [90m{}[39m
[35m[HTTP][39m [37m<-- GET /wd/hub/status [39m[32m200[39m [90m5 ms - 68[39m
[35m[HTTP][39m [90m[39m
[35m[HTTP][39m [37m-->[39m [37mGET[39m [37m/wd/hub/status[39m
[35m[HTTP][39m [90m{}[39m
[35m[HTTP][39m [37m<-- GET /wd/hub/status [39m[32m200[39m [90m1 ms - 68[39m
[35m[HTTP][39m [90m[39m
[35m[HTTP][39m [37m-->[39m [37mPOST[39m [37m/wd/hub/session[39m
[35m[HTTP][39m [90m{"desiredCapabilities":{"app":"C:\\Users\\ASUS\\Downloads\\Android-MyDemoAppRN.1.2.0.build-231.apk","noReset":true,"deviceName":"OPPO CPH1909 (Android 8.1.0)","fullReset":false,"platform":"ANDROID","newCommandTimeout":1800,"platformVersion":"8.1.0","automationName":"uiautomator2","autoGrantPermissions":true,"platformName":"Android","udid":"KFFURGFA8TAQ5PZP","systemPort":63470},"capabilities":{"firstMatch":[{"appium:app":"C:\\Users\\ASUS\\Downloads\\Android-MyDemoAppRN.1.2.0.build-231.apk","appium:autoGrantPermissions":true,"appium:automationName":"uiautomator2","appium:deviceName":"OPPO CPH1909 (Android 8.1.0)","appium:fullReset":false,"appium:newCommandTimeout":1800,"appium:noReset":true,"platform":"ANDROID","platformName":"android","appium:platformVersion":"8.1.0","appium:systemPort":63470,"appium:udid":"KFFURGFA8TAQ5PZP"}]}}[39m
[35m[BaseDriver][39m The following capabilities are not standard capabilities and should have an extension prefix:
[35m[BaseDriver][39m   platform
[35m[BaseDriver][39m   chromedriverPort
[35m[Appium][39m Appium v1.22.3 creating new AndroidUiautomator2Driver (v1.70.1) session
[35m[BaseDriver][39m The following capabilities were provided, but are not recognized by Appium:
[35m[BaseDriver][39m   platform
[35m[BaseDriver][39m Session created with session id: 690ff7be-7797-47f2-ab48-b22d23b2d1e8
[35m[BaseDriver][39m Using local app 'C:\Users\ASUS\Downloads\Android-MyDemoAppRN.1.2.0.build-231.apk'
[35m[ADB][39m Found 1 'build-tools' folders under 'C:\Users\ASUS\.katalon\tools\android_sdk' (newest first):
[35m[ADB][39m     C:/Users/ASUS/.katalon/tools/android_sdk/build-tools/29.0.3
[35m[ADB][39m Using 'adb.exe' from 'C:\Users\ASUS\.katalon\tools\android_sdk\platform-tools\adb.exe'
[35m[AndroidDriver][39m Retrieving device list
[35m[AndroidDriver][39m Using device: KFFURGFA8TAQ5PZP
[35m[ADB][39m Using 'adb.exe' from 'C:\Users\ASUS\.katalon\tools\android_sdk\platform-tools\adb.exe'
[35m[ADB][39m Package name: 'com.saucelabs.mydemoapp.rn'
[35m[ADB][39m Main activity name: 'com.saucelabs.mydemoapp.rn.MainActivity'
[35m[ADB][39m The application at 'C:\Users\ASUS\AppData\Roaming\npm\node_modules\appium\node_modules\io.appium.settings\apks\settings_apk-debug.apk' will not be cached, because the device under test has confirmed the support of streamed installs
[35m[ADB][39m The installation of 'settings_apk-debug.apk' took 2961ms
[35m[AndroidDriver][39m Unable to set mock location for app 'io.appium.settings': Error executing adbExec. Original error: 'Command 'C:\\Users\\ASUS\\.katalon\\tools\\android_sdk\\platform-tools\\adb.exe -P 5037 -s KFFURGFA8TAQ5PZP shell appops set io.appium.settings android\:mock_location allow' exited with code 255'; Command output: Security exception: uid 2000 does not have android.permission.UPDATE_APP_OPS_STATS.
[35m[AndroidDriver][39m 
[35m[AndroidDriver][39m java.lang.SecurityException: uid 2000 does not have android.permission.UPDATE_APP_OPS_STATS.
[35m[AndroidDriver][39m 	at android.app.ContextImpl.enforce(ContextImpl.java:1824)
[35m[AndroidDriver][39m 	at android.app.ContextImpl.enforcePermission(ContextImpl.java:1837)
[35m[AndroidDriver][39m 	at com.android.server.AppOpsService.setMode(AppOpsService.java:671)
[35m[AndroidDriver][39m 	at com.android.server.AppOpsService.onShellCommand(AppOpsService.java:2019)
[35m[AndroidDriver][39m 	at com.android.server.AppOpsService$Shell.onCommand(AppOpsService.java:1793)
[35m[AndroidDriver][39m 	at android.os.ShellCommand.exec(ShellCommand.java:96)
[35m[AndroidDriver][39m 	at com.android.server.AppOpsService.onShellCommand(AppOpsService.java:1967)
[35m[AndroidDriver][39m 	at android.os.Binder.shellCommand(Binder.java:594)
[35m[AndroidDriver][39m 	at android.os.Binder.onTransact(Binder.java:492)
[35m[AndroidDriver][39m 	at com.android.internal.app.IAppOpsService$Stub.onTransact(IAppOpsService.java:341)
[35m[AndroidDriver][39m 	at android.os.Binder.execTransact(Binder.java:697)
[35m[AndroidDriver][39m 
[35m[ADB][39m Using 'apksigner.jar' from 'C:\Users\ASUS\.katalon\tools\android_sdk\build-tools\29.0.3\lib\apksigner.jar'
[35m[ADB][39m 'C:\Users\ASUS\AppData\Roaming\npm\node_modules\appium\node_modules\appium-uiautomator2-server\apks\appium-uiautomator2-server-v4.27.0.apk' is signed with the default certificate
[35m[ADB][39m 'C:\Users\ASUS\AppData\Roaming\npm\node_modules\appium\node_modules\appium-uiautomator2-server\apks\appium-uiautomator2-server-debug-androidTest.apk' is signed with the default certificate
[35m[UiAutomator2][39m Server packages are not going to be (re)installed
[35m[ADB][39m Adding packages ["io.appium.settings","io.appium.uiautomator2.server","io.appium.uiautomator2.server.test"] to Doze whitelist
[35m[ADB][39m 'C:\Users\ASUS\Downloads\Android-MyDemoAppRN.1.2.0.build-231.apk' is signed with a non-default certificate
[35m[ADB][39m The application at 'C:\Users\ASUS\Downloads\Android-MyDemoAppRN.1.2.0.build-231.apk' will not be cached, because the device under test has confirmed the support of streamed installs
[35m[ADB][39m The installation of 'Android-MyDemoAppRN.1.2.0.build-231.apk' took 13075ms
[35m[UiAutomator2][39m Starting UIAutomator2 server 4.27.0
[35m[UiAutomator2][39m Using UIAutomator2 server from 'C:\Users\ASUS\AppData\Roaming\npm\node_modules\appium\node_modules\appium-uiautomator2-server\apks\appium-uiautomator2-server-v4.27.0.apk' and test from 'C:\Users\ASUS\AppData\Roaming\npm\node_modules\appium\node_modules\appium-uiautomator2-server\apks\appium-uiautomator2-server-debug-androidTest.apk'
[35m[UiAutomator2][39m Waiting up to 30000ms for UiAutomator2 to be online...
[35m[WD Proxy][39m socket hang up
[35m[WD Proxy][39m socket hang up
[35m[WD Proxy][39m socket hang up
[35m[WD Proxy][39m socket hang up
[35m[WD Proxy][39m socket hang up
[35m[WD Proxy][39m socket hang up
[35m[WD Proxy][39m socket hang up
[35m[WD Proxy][39m socket hang up
[35m[WD Proxy][39m Determined the downstream protocol as 'W3C'
[35m[AndroidDriver][39m Screen already unlocked, doing nothing
[35m[UiAutomator2][39m Starting 'com.saucelabs.mydemoapp.rn/com.saucelabs.mydemoapp.rn.MainActivity and waiting for 'com.saucelabs.mydemoapp.rn/com.saucelabs.mydemoapp.rn.MainActivity'
[35m[Appium][39m New AndroidUiautomator2Driver session created successfully, session 690ff7be-7797-47f2-ab48-b22d23b2d1e8 added to master session list
[35m[HTTP][39m [37m<-- POST /wd/hub/session [39m[32m200[39m [90m39696 ms - 1311[39m
[35m[HTTP][39m [90m[39m
[35m[HTTP][39m [37m-->[39m [37mGET[39m [37m/wd/hub/session/690ff7be-7797-47f2-ab48-b22d23b2d1e8[39m
[35m[HTTP][39m [90m{}[39m
[35m[HTTP][39m [37m<-- GET /wd/hub/session/690ff7be-7797-47f2-ab48-b22d23b2d1e8 [39m[32m200[39m [90m31 ms - 1265[39m
[35m[HTTP][39m [90m[39m
[35m[HTTP][39m [37m-->[39m [37mGET[39m [37m/wd/hub/session/690ff7be-7797-47f2-ab48-b22d23b2d1e8[39m
[35m[HTTP][39m [90m{}[39m
[35m[HTTP][39m [37m<-- GET /wd/hub/session/690ff7be-7797-47f2-ab48-b22d23b2d1e8 [39m[32m200[39m [90m26 ms - 1265[39m
[35m[HTTP][39m [90m[39m
[35m[HTTP][39m [37m-->[39m [37mGET[39m [37m/wd/hub/status[39m
[35m[HTTP][39m [90m{}[39m
[35m[HTTP][39m [37m<-- GET /wd/hub/status [39m[32m200[39m [90m1 ms - 68[39m
[35m[HTTP][39m [90m[39m
[35m[HTTP][39m [37m-->[39m [37mPOST[39m [37m/wd/hub/session/690ff7be-7797-47f2-ab48-b22d23b2d1e8/timeouts[39m
[35m[HTTP][39m [90m{"implicit":60000}[39m
[35m[HTTP][39m [37m<-- POST /wd/hub/session/690ff7be-7797-47f2-ab48-b22d23b2d1e8/timeouts [39m[32m200[39m [90m2 ms - 14[39m
[35m[HTTP][39m [90m[39m
[35m[HTTP][39m [37m-->[39m [37mGET[39m [37m/wd/hub/session/690ff7be-7797-47f2-ab48-b22d23b2d1e8/source[39m
[35m[HTTP][39m [90m{}[39m
[35m[W3C (690ff7be)][39m Driver proxy active, passing request on via HTTP proxy
[35m[WD Proxy][39m Replacing sessionId c7be3038-13da-4f6b-9047-a87eedf4cdce with 690ff7be-7797-47f2-ab48-b22d23b2d1e8
[35m[HTTP][39m [37m<-- GET /wd/hub/session/690ff7be-7797-47f2-ab48-b22d23b2d1e8/source [39m[32m200[39m [90m1411 ms - 53498[39m
[35m[HTTP][39m [90m[39m
[35m[HTTP][39m [37m-->[39m [37mGET[39m [37m/wd/hub/session/690ff7be-7797-47f2-ab48-b22d23b2d1e8/screenshot[39m
[35m[HTTP][39m [90m{}[39m
[35m[HTTP][39m [37m<-- GET /wd/hub/session/690ff7be-7797-47f2-ab48-b22d23b2d1e8/screenshot [39m[32m200[39m [90m1099 ms - 848510[39m
[35m[HTTP][39m [90m[39m
[35m[HTTP][39m [37m-->[39m [37mPOST[39m [37m/wd/hub/session/690ff7be-7797-47f2-ab48-b22d23b2d1e8/elements[39m
[35m[HTTP][39m [90m{"using":"xpath","value":"//*[@class = 'android.widget.ImageView' and (@text = '' or . = '')]"}[39m
[35m[HTTP][39m [37m<-- POST /wd/hub/session/690ff7be-7797-47f2-ab48-b22d23b2d1e8/elements [39m[32m200[39m [90m1703 ms - 1291[39m
[35m[HTTP][39m [90m[39m
[35m[HTTP][39m [37m-->[39m [37mPOST[39m [37m/wd/hub/session/690ff7be-7797-47f2-ab48-b22d23b2d1e8/elements[39m
[35m[HTTP][39m [90m{"using":"-android uiautomator","value":"new UiSelector().className(\"android.widget.ImageView\")"}[39m
[35m[HTTP][39m [37m<-- POST /wd/hub/session/690ff7be-7797-47f2-ab48-b22d23b2d1e8/elements [39m[32m200[39m [90m339 ms - 1291[39m
[35m[HTTP][39m [90m[39m
[35m[HTTP][39m [37m-->[39m [37mGET[39m [37m/wd/hub/session/690ff7be-7797-47f2-ab48-b22d23b2d1e8/window/rect[39m
[35m[HTTP][39m [90m{}[39m
[35m[HTTP][39m [37m<-- GET /wd/hub/session/690ff7be-7797-47f2-ab48-b22d23b2d1e8/window/rect [39m[32m200[39m [90m46 ms - 49[39m
[35m[HTTP][39m [90m[39m
[35m[HTTP][39m [37m-->[39m [37mPOST[39m [37m/wd/hub/session/690ff7be-7797-47f2-ab48-b22d23b2d1e8/elements[39m
[35m[HTTP][39m [90m{"using":"xpath","value":"//hierarchy/android.widget.FrameLayout[1]/android.widget.LinearLayout[1]/android.widget.FrameLayout[1]/android.widget.LinearLayout[1]/android.widget.FrameLayout[1]/android.widget.FrameLayout[1]/android.view.ViewGroup[1]/android.view.ViewGroup[1]/android.view.ViewGroup[1]/android.view.ViewGroup[1]/android.view.ViewGroup[1]/android.view.ViewGroup[1]/android.widget.FrameLayout[1]/android.view.ViewGroup[1]/android.view.ViewGroup[1]/android.view.ViewGroup[1]/android.view.ViewGroup[1]/android.view.ViewGroup[1]/android.widget.FrameLayout[1]/android.view.ViewGroup[1]/android.view.ViewGroup[1]/android.view.ViewGroup[1]/android.view.ViewGroup[1]/android.view.ViewGroup[1]/android.view.ViewGroup[1]/android.view.ViewGroup[1]/android.view.ViewGroup[1]/android.view.ViewGroup[1]/android.widget.ImageView[1]"}[39m
[35m[HTTP][39m [37m<-- POST /wd/hub/session/690ff7be-7797-47f2-ab48-b22d23b2d1e8/elements [39m[32m200[39m [90m546 ms - 139[39m
[35m[HTTP][39m [90m[39m
[35m[HTTP][39m [37m-->[39m [37mGET[39m [37m/wd/hub/session/690ff7be-7797-47f2-ab48-b22d23b2d1e8/element/00000000-0000-022d-ffff-ffff00000044/location[39m
[35m[HTTP][39m [90m{}[39m
[35m[W3C (690ff7be)][39m Driver proxy active, passing request on via HTTP proxy
[35m[WD Proxy][39m Replacing sessionId c7be3038-13da-4f6b-9047-a87eedf4cdce with 690ff7be-7797-47f2-ab48-b22d23b2d1e8
[35m[HTTP][39m [37m<-- GET /wd/hub/session/690ff7be-7797-47f2-ab48-b22d23b2d1e8/element/00000000-0000-022d-ffff-ffff00000044/location [39m[32m200[39m [90m32 ms - 76[39m
[35m[HTTP][39m [90m[39m
[35m[HTTP][39m [37m-->[39m [37mPOST[39m [37m/wd/hub/session/690ff7be-7797-47f2-ab48-b22d23b2d1e8/element/00000000-0000-022d-ffff-ffff00000044/click[39m
[35m[HTTP][39m [90m{"id":"00000000-0000-022d-ffff-ffff00000044"}[39m
[35m[HTTP][39m [37m<-- POST /wd/hub/session/690ff7be-7797-47f2-ab48-b22d23b2d1e8/element/00000000-0000-022d-ffff-ffff00000044/click [39m[32m200[39m [90m72 ms - 14[39m
[35m[HTTP][39m [90m[39m
[35m[HTTP][39m [37m-->[39m [37mGET[39m [37m/wd/hub/session/690ff7be-7797-47f2-ab48-b22d23b2d1e8/source[39m
[35m[HTTP][39m [90m{}[39m
[35m[W3C (690ff7be)][39m Driver proxy active, passing request on via HTTP proxy
[35m[WD Proxy][39m Replacing sessionId c7be3038-13da-4f6b-9047-a87eedf4cdce with 690ff7be-7797-47f2-ab48-b22d23b2d1e8
[35m[HTTP][39m [37m<-- GET /wd/hub/session/690ff7be-7797-47f2-ab48-b22d23b2d1e8/source [39m[32m200[39m [90m1558 ms - 66341[39m
[35m[HTTP][39m [90m[39m
[35m[HTTP][39m [37m-->[39m [37mGET[39m [37m/wd/hub/session/690ff7be-7797-47f2-ab48-b22d23b2d1e8/screenshot[39m
[35m[HTTP][39m [90m{}[39m
[35m[HTTP][39m [37m<-- GET /wd/hub/session/690ff7be-7797-47f2-ab48-b22d23b2d1e8/screenshot [39m[32m200[39m [90m684 ms - 349490[39m
[35m[HTTP][39m [90m[39m
[35m[HTTP][39m [37m-->[39m [37mPOST[39m [37m/wd/hub/session/690ff7be-7797-47f2-ab48-b22d23b2d1e8/elements[39m
[35m[HTTP][39m [90m{"using":"xpath","value":"//*[@class = 'android.widget.TextView' and (@text = 'Sauce Labs Bolt T-Shirt' or . = 'Sauce Labs Bolt T-Shirt')]"}[39m
[35m[HTTP][39m [37m<-- POST /wd/hub/session/690ff7be-7797-47f2-ab48-b22d23b2d1e8/elements [39m[32m200[39m [90m728 ms - 139[39m
[35m[HTTP][39m [90m[39m
[35m[HTTP][39m [37m-->[39m [37mGET[39m [37m/wd/hub/session/690ff7be-7797-47f2-ab48-b22d23b2d1e8/window/rect[39m
[35m[HTTP][39m [90m{}[39m
[35m[HTTP][39m [37m<-- GET /wd/hub/session/690ff7be-7797-47f2-ab48-b22d23b2d1e8/window/rect [39m[32m200[39m [90m30 ms - 49[39m
[35m[HTTP][39m [90m[39m
[35m[HTTP][39m [37m-->[39m [37mPOST[39m [37m/wd/hub/session/690ff7be-7797-47f2-ab48-b22d23b2d1e8/elements[39m
[35m[HTTP][39m [90m{"using":"xpath","value":"//*[@class = 'android.widget.TextView' and (@text = 'Sauce Labs Bolt T-Shirt' or . = 'Sauce Labs Bolt T-Shirt')]"}[39m
[35m[HTTP][39m [37m<-- POST /wd/hub/session/690ff7be-7797-47f2-ab48-b22d23b2d1e8/elements [39m[32m200[39m [90m654 ms - 139[39m
[35m[HTTP][39m [90m[39m
[35m[HTTP][39m [37m-->[39m [37mGET[39m [37m/wd/hub/session/690ff7be-7797-47f2-ab48-b22d23b2d1e8/element/00000000-0000-022d-ffff-ffff00000069/location[39m
[35m[HTTP][39m [90m{}[39m
[35m[W3C (690ff7be)][39m Driver proxy active, passing request on via HTTP proxy
[35m[WD Proxy][39m Replacing sessionId c7be3038-13da-4f6b-9047-a87eedf4cdce with 690ff7be-7797-47f2-ab48-b22d23b2d1e8
[35m[HTTP][39m [37m<-- GET /wd/hub/session/690ff7be-7797-47f2-ab48-b22d23b2d1e8/element/00000000-0000-022d-ffff-ffff00000069/location [39m[32m200[39m [90m374 ms - 78[39m
[35m[HTTP][39m [90m[39m
[35m[HTTP][39m [37m-->[39m [37mPOST[39m [37m/wd/hub/session/690ff7be-7797-47f2-ab48-b22d23b2d1e8/element/00000000-0000-022d-ffff-ffff00000069/click[39m
[35m[HTTP][39m [90m{"id":"00000000-0000-022d-ffff-ffff00000069"}[39m
[35m[HTTP][39m [37m<-- POST /wd/hub/session/690ff7be-7797-47f2-ab48-b22d23b2d1e8/element/00000000-0000-022d-ffff-ffff00000069/click [39m[32m200[39m [90m65 ms - 14[39m
[35m[HTTP][39m [90m[39m
[35m[HTTP][39m [37m-->[39m [37mGET[39m [37m/wd/hub/session/690ff7be-7797-47f2-ab48-b22d23b2d1e8/source[39m
[35m[HTTP][39m [90m{}[39m
[35m[W3C (690ff7be)][39m Driver proxy active, passing request on via HTTP proxy
[35m[WD Proxy][39m Replacing sessionId c7be3038-13da-4f6b-9047-a87eedf4cdce with 690ff7be-7797-47f2-ab48-b22d23b2d1e8
[35m[HTTP][39m [37m<-- GET /wd/hub/session/690ff7be-7797-47f2-ab48-b22d23b2d1e8/source [39m[32m200[39m [90m1432 ms - 26343[39m
[35m[HTTP][39m [90m[39m
[35m[HTTP][39m [37m-->[39m [37mGET[39m [37m/wd/hub/session/690ff7be-7797-47f2-ab48-b22d23b2d1e8/screenshot[39m
[35m[HTTP][39m [90m{}[39m
[35m[HTTP][39m [37m<-- GET /wd/hub/session/690ff7be-7797-47f2-ab48-b22d23b2d1e8/screenshot [39m[32m200[39m [90m587 ms - 96630[39m
[35m[HTTP][39m [90m[39m
[35m[HTTP][39m [37m-->[39m [37mPOST[39m [37m/wd/hub/session/690ff7be-7797-47f2-ab48-b22d23b2d1e8/elements[39m
[35m[HTTP][39m [90m{"using":"xpath","value":"//*[@class = 'android.widget.EditText' and (@text = '' or . = '')]"}[39m
[35m[HTTP][39m [37m<-- POST /wd/hub/session/690ff7be-7797-47f2-ab48-b22d23b2d1e8/elements [39m[32m200[39m [90m497 ms - 267[39m
[35m[HTTP][39m [90m[39m
[35m[HTTP][39m [37m-->[39m [37mPOST[39m [37m/wd/hub/session/690ff7be-7797-47f2-ab48-b22d23b2d1e8/elements[39m
[35m[HTTP][39m [90m{"using":"accessibility id","value":"Username input field"}[39m
[35m[HTTP][39m [37m<-- POST /wd/hub/session/690ff7be-7797-47f2-ab48-b22d23b2d1e8/elements [39m[32m200[39m [90m84 ms - 139[39m
[35m[HTTP][39m [90m[39m
[35m[HTTP][39m [37m-->[39m [37mGET[39m [37m/wd/hub/session/690ff7be-7797-47f2-ab48-b22d23b2d1e8/window/rect[39m
[35m[HTTP][39m [90m{}[39m
[35m[HTTP][39m [37m<-- GET /wd/hub/session/690ff7be-7797-47f2-ab48-b22d23b2d1e8/window/rect [39m[32m200[39m [90m35 ms - 49[39m
[35m[HTTP][39m [90m[39m
[35m[HTTP][39m [37m-->[39m [37mPOST[39m [37m/wd/hub/session/690ff7be-7797-47f2-ab48-b22d23b2d1e8/elements[39m
[35m[HTTP][39m [90m{"using":"accessibility id","value":"Username input field"}[39m
[35m[HTTP][39m [37m<-- POST /wd/hub/session/690ff7be-7797-47f2-ab48-b22d23b2d1e8/elements [39m[32m200[39m [90m77 ms - 139[39m
[35m[HTTP][39m [90m[39m
[35m[HTTP][39m [37m-->[39m [37mGET[39m [37m/wd/hub/session/690ff7be-7797-47f2-ab48-b22d23b2d1e8/element/00000000-0000-022d-ffff-ffff000000a8/location[39m
[35m[HTTP][39m [90m{}[39m
[35m[W3C (690ff7be)][39m Driver proxy active, passing request on via HTTP proxy
[35m[WD Proxy][39m Replacing sessionId c7be3038-13da-4f6b-9047-a87eedf4cdce with 690ff7be-7797-47f2-ab48-b22d23b2d1e8
[35m[HTTP][39m [37m<-- GET /wd/hub/session/690ff7be-7797-47f2-ab48-b22d23b2d1e8/element/00000000-0000-022d-ffff-ffff000000a8/location [39m[32m200[39m [90m42 ms - 77[39m
[35m[HTTP][39m [90m[39m
[35m[HTTP][39m [37m-->[39m [37mPOST[39m [37m/wd/hub/session/690ff7be-7797-47f2-ab48-b22d23b2d1e8/element/00000000-0000-022d-ffff-ffff000000a8/clear[39m
[35m[HTTP][39m [90m{"id":"00000000-0000-022d-ffff-ffff000000a8"}[39m
[35m[HTTP][39m [37m<-- POST /wd/hub/session/690ff7be-7797-47f2-ab48-b22d23b2d1e8/element/00000000-0000-022d-ffff-ffff000000a8/clear [39m[32m200[39m [90m38 ms - 14[39m
[35m[HTTP][39m [90m[39m
[35m[HTTP][39m [37m-->[39m [37mPOST[39m [37m/wd/hub/session/690ff7be-7797-47f2-ab48-b22d23b2d1e8/element/00000000-0000-022d-ffff-ffff000000a8/value[39m
[35m[HTTP][39m [90m{"id":"00000000-0000-022d-ffff-ffff000000a8","text":"bob@example.com","value":["b","o","b","@","e","x","a","m","p","l","e",".","c","o","m"]}[39m
[35m[HTTP][39m [37m<-- POST /wd/hub/session/690ff7be-7797-47f2-ab48-b22d23b2d1e8/element/00000000-0000-022d-ffff-ffff000000a8/value [39m[32m200[39m [90m521 ms - 14[39m
[35m[HTTP][39m [90m[39m
[35m[HTTP][39m [37m-->[39m [37mGET[39m [37m/wd/hub/session/690ff7be-7797-47f2-ab48-b22d23b2d1e8/source[39m
[35m[HTTP][39m [90m{}[39m
[35m[W3C (690ff7be)][39m Driver proxy active, passing request on via HTTP proxy
[35m[WD Proxy][39m Replacing sessionId c7be3038-13da-4f6b-9047-a87eedf4cdce with 690ff7be-7797-47f2-ab48-b22d23b2d1e8
[35m[HTTP][39m [37m<-- GET /wd/hub/session/690ff7be-7797-47f2-ab48-b22d23b2d1e8/source [39m[32m200[39m [90m1069 ms - 26358[39m
[35m[HTTP][39m [90m[39m
[35m[HTTP][39m [37m-->[39m [37mGET[39m [37m/wd/hub/session/690ff7be-7797-47f2-ab48-b22d23b2d1e8/screenshot[39m
[35m[HTTP][39m [90m{}[39m
[35m[HTTP][39m [37m<-- GET /wd/hub/session/690ff7be-7797-47f2-ab48-b22d23b2d1e8/screenshot [39m[32m200[39m [90m591 ms - 104328[39m
[35m[HTTP][39m [90m[39m
[35m[HTTP][39m [37m-->[39m [37mPOST[39m [37m/wd/hub/session/690ff7be-7797-47f2-ab48-b22d23b2d1e8/elements[39m
[35m[HTTP][39m [90m{"using":"xpath","value":"//*[@class = 'android.widget.EditText' and (@text = '' or . = '')]"}[39m
[35m[HTTP][39m [37m<-- POST /wd/hub/session/690ff7be-7797-47f2-ab48-b22d23b2d1e8/elements [39m[32m200[39m [90m558 ms - 267[39m
[35m[HTTP][39m [90m[39m
[35m[HTTP][39m [37m-->[39m [37mPOST[39m [37m/wd/hub/session/690ff7be-7797-47f2-ab48-b22d23b2d1e8/elements[39m
[35m[HTTP][39m [90m{"using":"accessibility id","value":"Password input field"}[39m
[35m[HTTP][39m [37m<-- POST /wd/hub/session/690ff7be-7797-47f2-ab48-b22d23b2d1e8/elements [39m[32m200[39m [90m104 ms - 139[39m
[35m[HTTP][39m [90m[39m
[35m[HTTP][39m [37m-->[39m [37mGET[39m [37m/wd/hub/session/690ff7be-7797-47f2-ab48-b22d23b2d1e8/window/rect[39m
[35m[HTTP][39m [90m{}[39m
[35m[HTTP][39m [37m<-- GET /wd/hub/session/690ff7be-7797-47f2-ab48-b22d23b2d1e8/window/rect [39m[32m200[39m [90m62 ms - 49[39m
[35m[HTTP][39m [90m[39m
[35m[HTTP][39m [37m-->[39m [37mPOST[39m [37m/wd/hub/session/690ff7be-7797-47f2-ab48-b22d23b2d1e8/elements[39m
[35m[HTTP][39m [90m{"using":"accessibility id","value":"Password input field"}[39m
[35m[HTTP][39m [37m<-- POST /wd/hub/session/690ff7be-7797-47f2-ab48-b22d23b2d1e8/elements [39m[32m200[39m [90m137 ms - 139[39m
[35m[HTTP][39m [90m[39m
[35m[HTTP][39m [37m-->[39m [37mGET[39m [37m/wd/hub/session/690ff7be-7797-47f2-ab48-b22d23b2d1e8/element/00000000-0000-022d-ffff-ffff000000a9/location[39m
[35m[HTTP][39m [90m{}[39m
[35m[W3C (690ff7be)][39m Driver proxy active, passing request on via HTTP proxy
[35m[WD Proxy][39m Replacing sessionId c7be3038-13da-4f6b-9047-a87eedf4cdce with 690ff7be-7797-47f2-ab48-b22d23b2d1e8
[35m[HTTP][39m [37m<-- GET /wd/hub/session/690ff7be-7797-47f2-ab48-b22d23b2d1e8/element/00000000-0000-022d-ffff-ffff000000a9/location [39m[32m200[39m [90m43 ms - 77[39m
[35m[HTTP][39m [90m[39m
[35m[HTTP][39m [37m-->[39m [37mPOST[39m [37m/wd/hub/session/690ff7be-7797-47f2-ab48-b22d23b2d1e8/element/00000000-0000-022d-ffff-ffff000000a9/clear[39m
[35m[HTTP][39m [90m{"id":"00000000-0000-022d-ffff-ffff000000a9"}[39m
[35m[HTTP][39m [37m<-- POST /wd/hub/session/690ff7be-7797-47f2-ab48-b22d23b2d1e8/element/00000000-0000-022d-ffff-ffff000000a9/clear [39m[32m200[39m [90m46 ms - 14[39m
[35m[HTTP][39m [90m[39m
[35m[HTTP][39m [37m-->[39m [37mPOST[39m [37m/wd/hub/session/690ff7be-7797-47f2-ab48-b22d23b2d1e8/element/00000000-0000-022d-ffff-ffff000000a9/value[39m
[35m[HTTP][39m [90m{"id":"00000000-0000-022d-ffff-ffff000000a9","text":"10203040","value":["1","0","2","0","3","0","4","0"]}[39m
[35m[HTTP][39m [37m<-- POST /wd/hub/session/690ff7be-7797-47f2-ab48-b22d23b2d1e8/element/00000000-0000-022d-ffff-ffff000000a9/value [39m[32m200[39m [90m562 ms - 14[39m
[35m[HTTP][39m [90m[39m
[35m[HTTP][39m [37m-->[39m [37mGET[39m [37m/wd/hub/session/690ff7be-7797-47f2-ab48-b22d23b2d1e8/source[39m
[35m[HTTP][39m [90m{}[39m
[35m[W3C (690ff7be)][39m Driver proxy active, passing request on via HTTP proxy
[35m[WD Proxy][39m Replacing sessionId c7be3038-13da-4f6b-9047-a87eedf4cdce with 690ff7be-7797-47f2-ab48-b22d23b2d1e8
[35m[HTTP][39m [37m<-- GET /wd/hub/session/690ff7be-7797-47f2-ab48-b22d23b2d1e8/source [39m[32m200[39m [90m590 ms - 26382[39m
[35m[HTTP][39m [90m[39m
[35m[HTTP][39m [37m-->[39m [37mGET[39m [37m/wd/hub/session/690ff7be-7797-47f2-ab48-b22d23b2d1e8/screenshot[39m
[35m[HTTP][39m [90m{}[39m
[35m[HTTP][39m [37m<-- GET /wd/hub/session/690ff7be-7797-47f2-ab48-b22d23b2d1e8/screenshot [39m[32m200[39m [90m766 ms - 104570[39m
[35m[HTTP][39m [90m[39m
[35m[HTTP][39m [37m-->[39m [37mPOST[39m [37m/wd/hub/session/690ff7be-7797-47f2-ab48-b22d23b2d1e8/elements[39m
[35m[HTTP][39m [90m{"using":"xpath","value":"//*[@class = 'android.view.ViewGroup' and (@text = '' or . = '')]"}[39m
[35m[HTTP][39m [37m<-- POST /wd/hub/session/690ff7be-7797-47f2-ab48-b22d23b2d1e8/elements [39m[32m200[39m [90m672 ms - 4107[39m
[35m[HTTP][39m [90m[39m
[35m[HTTP][39m [37m-->[39m [37mPOST[39m [37m/wd/hub/session/690ff7be-7797-47f2-ab48-b22d23b2d1e8/elements[39m
[35m[HTTP][39m [90m{"using":"accessibility id","value":"Login button"}[39m
[35m[HTTP][39m [37m<-- POST /wd/hub/session/690ff7be-7797-47f2-ab48-b22d23b2d1e8/elements [39m[32m200[39m [90m65 ms - 139[39m
[35m[HTTP][39m [90m[39m
[35m[HTTP][39m [37m-->[39m [37mGET[39m [37m/wd/hub/session/690ff7be-7797-47f2-ab48-b22d23b2d1e8/window/rect[39m
[35m[HTTP][39m [90m{}[39m
[35m[HTTP][39m [37m<-- GET /wd/hub/session/690ff7be-7797-47f2-ab48-b22d23b2d1e8/window/rect [39m[32m200[39m [90m41 ms - 49[39m
[35m[HTTP][39m [90m[39m
[35m[HTTP][39m [37m-->[39m [37mPOST[39m [37m/wd/hub/session/690ff7be-7797-47f2-ab48-b22d23b2d1e8/elements[39m
[35m[HTTP][39m [90m{"using":"accessibility id","value":"Login button"}[39m
[35m[HTTP][39m [37m<-- POST /wd/hub/session/690ff7be-7797-47f2-ab48-b22d23b2d1e8/elements [39m[32m200[39m [90m89 ms - 139[39m
[35m[HTTP][39m [90m[39m
[35m[HTTP][39m [37m-->[39m [37mGET[39m [37m/wd/hub/session/690ff7be-7797-47f2-ab48-b22d23b2d1e8/element/00000000-0000-022d-ffff-ffff000000c3/location[39m
[35m[HTTP][39m [90m{}[39m
[35m[W3C (690ff7be)][39m Driver proxy active, passing request on via HTTP proxy
[35m[WD Proxy][39m Replacing sessionId c7be3038-13da-4f6b-9047-a87eedf4cdce with 690ff7be-7797-47f2-ab48-b22d23b2d1e8
[35m[HTTP][39m [37m<-- GET /wd/hub/session/690ff7be-7797-47f2-ab48-b22d23b2d1e8/element/00000000-0000-022d-ffff-ffff000000c3/location [39m[32m200[39m [90m45 ms - 78[39m
[35m[HTTP][39m [90m[39m
[35m[HTTP][39m [37m-->[39m [37mPOST[39m [37m/wd/hub/session/690ff7be-7797-47f2-ab48-b22d23b2d1e8/element/00000000-0000-022d-ffff-ffff000000c3/click[39m
[35m[HTTP][39m [90m{"id":"00000000-0000-022d-ffff-ffff000000c3"}[39m
[35m[HTTP][39m [37m<-- POST /wd/hub/session/690ff7be-7797-47f2-ab48-b22d23b2d1e8/element/00000000-0000-022d-ffff-ffff000000c3/click [39m[32m200[39m [90m66 ms - 14[39m
[35m[HTTP][39m [90m[39m
[35m[HTTP][39m [37m-->[39m [37mGET[39m [37m/wd/hub/session/690ff7be-7797-47f2-ab48-b22d23b2d1e8/source[39m
[35m[HTTP][39m [90m{}[39m
[35m[W3C (690ff7be)][39m Driver proxy active, passing request on via HTTP proxy
[35m[WD Proxy][39m Replacing sessionId c7be3038-13da-4f6b-9047-a87eedf4cdce with 690ff7be-7797-47f2-ab48-b22d23b2d1e8
[35m[HTTP][39m [37m<-- GET /wd/hub/session/690ff7be-7797-47f2-ab48-b22d23b2d1e8/source [39m[32m200[39m [90m1204 ms - 53498[39m
[35m[HTTP][39m [90m[39m
[35m[HTTP][39m [37m-->[39m [37mGET[39m [37m/wd/hub/session/690ff7be-7797-47f2-ab48-b22d23b2d1e8/screenshot[39m
[35m[HTTP][39m [90m{}[39m
[35m[HTTP][39m [37m<-- GET /wd/hub/session/690ff7be-7797-47f2-ab48-b22d23b2d1e8/screenshot [39m[32m200[39m [90m1206 ms - 848604[39m
[35m[HTTP][39m [90m[39m
[35m[HTTP][39m [37m-->[39m [37mPOST[39m [37m/wd/hub/session/690ff7be-7797-47f2-ab48-b22d23b2d1e8/elements[39m
[35m[HTTP][39m [90m{"using":"xpath","value":"//*[@class = 'android.widget.ImageView' and (@text = '' or . = '')]"}[39m
[35m[HTTP][39m [37m<-- POST /wd/hub/session/690ff7be-7797-47f2-ab48-b22d23b2d1e8/elements [39m[32m200[39m [90m622 ms - 1291[39m
[35m[HTTP][39m [90m[39m
[35m[HTTP][39m [37m-->[39m [37mPOST[39m [37m/wd/hub/session/690ff7be-7797-47f2-ab48-b22d23b2d1e8/elements[39m
[35m[HTTP][39m [90m{"using":"-android uiautomator","value":"new UiSelector().className(\"android.widget.ImageView\")"}[39m
[35m[HTTP][39m [37m<-- POST /wd/hub/session/690ff7be-7797-47f2-ab48-b22d23b2d1e8/elements [39m[32m200[39m [90m425 ms - 1291[39m
[35m[HTTP][39m [90m[39m
[35m[HTTP][39m [37m-->[39m [37mGET[39m [37m/wd/hub/session/690ff7be-7797-47f2-ab48-b22d23b2d1e8/window/rect[39m
[35m[HTTP][39m [90m{}[39m
[35m[HTTP][39m [37m<-- GET /wd/hub/session/690ff7be-7797-47f2-ab48-b22d23b2d1e8/window/rect [39m[32m200[39m [90m41 ms - 49[39m
[35m[HTTP][39m [90m[39m
[35m[HTTP][39m [37m-->[39m [37mPOST[39m [37m/wd/hub/session/690ff7be-7797-47f2-ab48-b22d23b2d1e8/elements[39m
[35m[HTTP][39m [90m{"using":"xpath","value":"//hierarchy/android.widget.FrameLayout[1]/android.widget.LinearLayout[1]/android.widget.FrameLayout[1]/android.widget.LinearLayout[1]/android.widget.FrameLayout[1]/android.widget.FrameLayout[1]/android.view.ViewGroup[1]/android.view.ViewGroup[1]/android.view.ViewGroup[1]/android.view.ViewGroup[1]/android.view.ViewGroup[1]/android.view.ViewGroup[1]/android.widget.FrameLayout[1]/android.view.ViewGroup[1]/android.view.ViewGroup[1]/android.view.ViewGroup[1]/android.view.ViewGroup[1]/android.view.ViewGroup[1]/android.widget.FrameLayout[1]/android.view.ViewGroup[1]/android.view.ViewGroup[1]/android.view.ViewGroup[1]/android.view.ViewGroup[1]/android.view.ViewGroup[1]/android.view.ViewGroup[2]/android.widget.ScrollView[1]/android.view.ViewGroup[1]/android.view.ViewGroup[2]/android.view.ViewGroup[1]/android.view.ViewGroup[1]/android.widget.ImageView[1]"}[39m
[35m[HTTP][39m [37m<-- POST /wd/hub/session/690ff7be-7797-47f2-ab48-b22d23b2d1e8/elements [39m[32m200[39m [90m438 ms - 139[39m
[35m[HTTP][39m [90m[39m
[35m[HTTP][39m [37m-->[39m [37mGET[39m [37m/wd/hub/session/690ff7be-7797-47f2-ab48-b22d23b2d1e8/element/00000000-0000-022d-ffff-ffff00000077/location[39m
[35m[HTTP][39m [90m{}[39m
[35m[W3C (690ff7be)][39m Driver proxy active, passing request on via HTTP proxy
[35m[WD Proxy][39m Replacing sessionId c7be3038-13da-4f6b-9047-a87eedf4cdce with 690ff7be-7797-47f2-ab48-b22d23b2d1e8
[35m[HTTP][39m [37m<-- GET /wd/hub/session/690ff7be-7797-47f2-ab48-b22d23b2d1e8/element/00000000-0000-022d-ffff-ffff00000077/location [39m[32m200[39m [90m37 ms - 77[39m
[35m[HTTP][39m [90m[39m
[35m[HTTP][39m [37m-->[39m [37mPOST[39m [37m/wd/hub/session/690ff7be-7797-47f2-ab48-b22d23b2d1e8/element/00000000-0000-022d-ffff-ffff00000077/click[39m
[35m[HTTP][39m [90m{"id":"00000000-0000-022d-ffff-ffff00000077"}[39m
[35m[HTTP][39m [37m<-- POST /wd/hub/session/690ff7be-7797-47f2-ab48-b22d23b2d1e8/element/00000000-0000-022d-ffff-ffff00000077/click [39m[32m200[39m [90m65 ms - 14[39m
[35m[HTTP][39m [90m[39m
[35m[HTTP][39m [37m-->[39m [37mGET[39m [37m/wd/hub/session/690ff7be-7797-47f2-ab48-b22d23b2d1e8/source[39m
[35m[HTTP][39m [90m{}[39m
[35m[W3C (690ff7be)][39m Driver proxy active, passing request on via HTTP proxy
[35m[WD Proxy][39m Replacing sessionId c7be3038-13da-4f6b-9047-a87eedf4cdce with 690ff7be-7797-47f2-ab48-b22d23b2d1e8
[35m[HTTP][39m [37m<-- GET /wd/hub/session/690ff7be-7797-47f2-ab48-b22d23b2d1e8/source [39m[32m200[39m [90m1497 ms - 31935[39m
[35m[HTTP][39m [90m[39m
[35m[HTTP][39m [37m-->[39m [37mGET[39m [37m/wd/hub/session/690ff7be-7797-47f2-ab48-b22d23b2d1e8/screenshot[39m
[35m[HTTP][39m [90m{}[39m
[35m[HTTP][39m [37m<-- GET /wd/hub/session/690ff7be-7797-47f2-ab48-b22d23b2d1e8/screenshot [39m[32m200[39m [90m1486 ms - 582246[39m
[35m[HTTP][39m [90m[39m
[35m[HTTP][39m [37m-->[39m [37mPOST[39m [37m/wd/hub/session/690ff7be-7797-47f2-ab48-b22d23b2d1e8/elements[39m
[35m[HTTP][39m [90m{"using":"xpath","value":"//*[@class = 'android.widget.TextView' and (@text = 'Add To Cart' or . = 'Add To Cart')]"}[39m
[35m[HTTP][39m [37m<-- POST /wd/hub/session/690ff7be-7797-47f2-ab48-b22d23b2d1e8/elements [39m[32m200[39m [90m338 ms - 139[39m
[35m[HTTP][39m [90m[39m
[35m[HTTP][39m [37m-->[39m [37mGET[39m [37m/wd/hub/session/690ff7be-7797-47f2-ab48-b22d23b2d1e8/window/rect[39m
[35m[HTTP][39m [90m{}[39m
[35m[HTTP][39m [37m<-- GET /wd/hub/session/690ff7be-7797-47f2-ab48-b22d23b2d1e8/window/rect [39m[32m200[39m [90m23 ms - 49[39m
[35m[HTTP][39m [90m[39m
[35m[HTTP][39m [37m-->[39m [37mPOST[39m [37m/wd/hub/session/690ff7be-7797-47f2-ab48-b22d23b2d1e8/elements[39m
[35m[HTTP][39m [90m{"using":"xpath","value":"//*[@class = 'android.widget.TextView' and (@text = 'Add To Cart' or . = 'Add To Cart')]"}[39m
[35m[HTTP][39m [37m<-- POST /wd/hub/session/690ff7be-7797-47f2-ab48-b22d23b2d1e8/elements [39m[32m200[39m [90m334 ms - 139[39m
[35m[HTTP][39m [90m[39m
[35m[HTTP][39m [37m-->[39m [37mGET[39m [37m/wd/hub/session/690ff7be-7797-47f2-ab48-b22d23b2d1e8/element/00000000-0000-022d-ffff-ffff0000010f/location[39m
[35m[HTTP][39m [90m{}[39m
[35m[W3C (690ff7be)][39m Driver proxy active, passing request on via HTTP proxy
[35m[WD Proxy][39m Replacing sessionId c7be3038-13da-4f6b-9047-a87eedf4cdce with 690ff7be-7797-47f2-ab48-b22d23b2d1e8
[35m[HTTP][39m [37m<-- GET /wd/hub/session/690ff7be-7797-47f2-ab48-b22d23b2d1e8/element/00000000-0000-022d-ffff-ffff0000010f/location [39m[32m200[39m [90m608 ms - 79[39m
[35m[HTTP][39m [90m[39m
[35m[HTTP][39m [37m-->[39m [37mPOST[39m [37m/wd/hub/session/690ff7be-7797-47f2-ab48-b22d23b2d1e8/element/00000000-0000-022d-ffff-ffff0000010f/click[39m
[35m[HTTP][39m [90m{"id":"00000000-0000-022d-ffff-ffff0000010f"}[39m
[35m[HTTP][39m [37m<-- POST /wd/hub/session/690ff7be-7797-47f2-ab48-b22d23b2d1e8/element/00000000-0000-022d-ffff-ffff0000010f/click [39m[32m200[39m [90m71 ms - 14[39m
[35m[HTTP][39m [90m[39m
[35m[HTTP][39m [37m-->[39m [37mGET[39m [37m/wd/hub/session/690ff7be-7797-47f2-ab48-b22d23b2d1e8/source[39m
[35m[HTTP][39m [90m{}[39m
[35m[W3C (690ff7be)][39m Driver proxy active, passing request on via HTTP proxy
[35m[WD Proxy][39m Replacing sessionId c7be3038-13da-4f6b-9047-a87eedf4cdce with 690ff7be-7797-47f2-ab48-b22d23b2d1e8
[35m[HTTP][39m [37m<-- GET /wd/hub/session/690ff7be-7797-47f2-ab48-b22d23b2d1e8/source [39m[32m200[39m [90m913 ms - 32365[39m
[35m[HTTP][39m [90m[39m
[35m[HTTP][39m [37m-->[39m [37mGET[39m [37m/wd/hub/session/690ff7be-7797-47f2-ab48-b22d23b2d1e8/screenshot[39m
[35m[HTTP][39m [90m{}[39m
[35m[HTTP][39m [37m<-- GET /wd/hub/session/690ff7be-7797-47f2-ab48-b22d23b2d1e8/screenshot [39m[32m200[39m [90m1170 ms - 582932[39m
[35m[HTTP][39m [90m[39m
[35m[HTTP][39m [37m-->[39m [37mPOST[39m [37m/wd/hub/session/690ff7be-7797-47f2-ab48-b22d23b2d1e8/elements[39m
[35m[HTTP][39m [90m{"using":"xpath","value":"//*[@class = 'android.widget.TextView' and (@text = '1' or . = '1')]"}[39m
[35m[HTTP][39m [37m<-- POST /wd/hub/session/690ff7be-7797-47f2-ab48-b22d23b2d1e8/elements [39m[32m200[39m [90m366 ms - 267[39m
[35m[HTTP][39m [90m[39m
[35m[HTTP][39m [37m-->[39m [37mPOST[39m [37m/wd/hub/session/690ff7be-7797-47f2-ab48-b22d23b2d1e8/elements[39m
[35m[HTTP][39m [90m{"using":"-android uiautomator","value":"new UiSelector().className(\"android.widget.TextView\").text(\"1\")"}[39m
[35m[HTTP][39m [37m<-- POST /wd/hub/session/690ff7be-7797-47f2-ab48-b22d23b2d1e8/elements [39m[32m200[39m [90m152 ms - 267[39m
[35m[HTTP][39m [90m[39m
[35m[HTTP][39m [37m-->[39m [37mGET[39m [37m/wd/hub/session/690ff7be-7797-47f2-ab48-b22d23b2d1e8/window/rect[39m
[35m[HTTP][39m [90m{}[39m
[35m[HTTP][39m [37m<-- GET /wd/hub/session/690ff7be-7797-47f2-ab48-b22d23b2d1e8/window/rect [39m[32m200[39m [90m37 ms - 49[39m
[35m[HTTP][39m [90m[39m
[35m[HTTP][39m [37m-->[39m [37mPOST[39m [37m/wd/hub/session/690ff7be-7797-47f2-ab48-b22d23b2d1e8/elements[39m
[35m[HTTP][39m [90m{"using":"xpath","value":"//hierarchy/android.widget.FrameLayout[1]/android.widget.LinearLayout[1]/android.widget.FrameLayout[1]/android.widget.LinearLayout[1]/android.widget.FrameLayout[1]/android.widget.FrameLayout[1]/android.view.ViewGroup[1]/android.view.ViewGroup[1]/android.view.ViewGroup[1]/android.view.ViewGroup[1]/android.view.ViewGroup[1]/android.view.ViewGroup[1]/android.widget.FrameLayout[1]/android.view.ViewGroup[1]/android.view.ViewGroup[1]/android.view.ViewGroup[1]/android.view.ViewGroup[1]/android.view.ViewGroup[1]/android.widget.FrameLayout[1]/android.view.ViewGroup[1]/android.view.ViewGroup[1]/android.view.ViewGroup[1]/android.view.ViewGroup[1]/android.view.ViewGroup[1]/android.view.ViewGroup[1]/android.view.ViewGroup[1]/android.view.ViewGroup[1]/android.view.ViewGroup[2]/android.widget.TextView[1]"}[39m
[35m[HTTP][39m [37m<-- POST /wd/hub/session/690ff7be-7797-47f2-ab48-b22d23b2d1e8/elements [39m[32m200[39m [90m294 ms - 139[39m
[35m[HTTP][39m [90m[39m
[35m[HTTP][39m [37m-->[39m [37mGET[39m [37m/wd/hub/session/690ff7be-7797-47f2-ab48-b22d23b2d1e8/element/00000000-0000-022d-ffff-ffff00000110/location[39m
[35m[HTTP][39m [90m{}[39m
[35m[W3C (690ff7be)][39m Driver proxy active, passing request on via HTTP proxy
[35m[WD Proxy][39m Replacing sessionId c7be3038-13da-4f6b-9047-a87eedf4cdce with 690ff7be-7797-47f2-ab48-b22d23b2d1e8
[35m[HTTP][39m [37m<-- GET /wd/hub/session/690ff7be-7797-47f2-ab48-b22d23b2d1e8/element/00000000-0000-022d-ffff-ffff00000110/location [39m[32m200[39m [90m35 ms - 77[39m
[35m[HTTP][39m [90m[39m
[35m[HTTP][39m [37m-->[39m [37mPOST[39m [37m/wd/hub/session/690ff7be-7797-47f2-ab48-b22d23b2d1e8/element/00000000-0000-022d-ffff-ffff00000110/click[39m
[35m[HTTP][39m [90m{"id":"00000000-0000-022d-ffff-ffff00000110"}[39m
[35m[HTTP][39m [37m<-- POST /wd/hub/session/690ff7be-7797-47f2-ab48-b22d23b2d1e8/element/00000000-0000-022d-ffff-ffff00000110/click [39m[32m200[39m [90m51 ms - 14[39m
[35m[HTTP][39m [90m[39m
[35m[HTTP][39m [37m-->[39m [37mGET[39m [37m/wd/hub/session/690ff7be-7797-47f2-ab48-b22d23b2d1e8/source[39m
[35m[HTTP][39m [90m{}[39m
[35m[W3C (690ff7be)][39m Driver proxy active, passing request on via HTTP proxy
[35m[WD Proxy][39m Replacing sessionId c7be3038-13da-4f6b-9047-a87eedf4cdce with 690ff7be-7797-47f2-ab48-b22d23b2d1e8
[35m[HTTP][39m [37m<-- GET /wd/hub/session/690ff7be-7797-47f2-ab48-b22d23b2d1e8/source [39m[32m200[39m [90m539 ms - 36084[39m
[35m[HTTP][39m [90m[39m
[35m[HTTP][39m [37m-->[39m [37mGET[39m [37m/wd/hub/session/690ff7be-7797-47f2-ab48-b22d23b2d1e8/screenshot[39m
[35m[HTTP][39m [90m{}[39m
[35m[HTTP][39m [37m<-- GET /wd/hub/session/690ff7be-7797-47f2-ab48-b22d23b2d1e8/screenshot [39m[32m200[39m [90m937 ms - 228734[39m
[35m[HTTP][39m [90m[39m
[35m[HTTP][39m [37m-->[39m [37mDELETE[39m [37m/wd/hub/session/690ff7be-7797-47f2-ab48-b22d23b2d1e8[39m
[35m[HTTP][39m [90m{}[39m
[35m[Appium][39m Removing session 690ff7be-7797-47f2-ab48-b22d23b2d1e8 from our master session list
[35m[HTTP][39m [37m<-- DELETE /wd/hub/session/690ff7be-7797-47f2-ab48-b22d23b2d1e8 [39m[32m200[39m [90m317 ms - 14[39m
[35m[HTTP][39m [90m[39m
